e:\hoc vl\game again\gimmick\mr.gimmick\mr.gimmick\debug\vc142.pdb
e:\hoc vl\game again\gimmick\mr.gimmick\mr.gimmick\debug\vc142.idb
e:\hoc vl\game again\gimmick\mr.gimmick\mr.gimmick\debug\textures.obj
e:\hoc vl\game again\gimmick\mr.gimmick\mr.gimmick\debug\sprites.obj
e:\hoc vl\game again\gimmick\mr.gimmick\mr.gimmick\debug\scene.obj
e:\hoc vl\game again\gimmick\mr.gimmick\mr.gimmick\debug\playscene.obj
e:\hoc vl\game again\gimmick\mr.gimmick\mr.gimmick\debug\mario.obj
e:\hoc vl\game again\gimmick\mr.gimmick\mr.gimmick\debug\map.obj
e:\hoc vl\game again\gimmick\mr.gimmick\mr.gimmick\debug\main.obj
e:\hoc vl\game again\gimmick\mr.gimmick\mr.gimmick\debug\keyeventhandler.obj
e:\hoc vl\game again\gimmick\mr.gimmick\mr.gimmick\debug\introscene.obj
e:\hoc vl\game again\gimmick\mr.gimmick\mr.gimmick\debug\inclinedbrick.obj
e:\hoc vl\game again\gimmick\mr.gimmick\mr.gimmick\debug\gimmick.obj
e:\hoc vl\game again\gimmick\mr.gimmick\mr.gimmick\debug\gameobject.obj
e:\hoc vl\game again\gimmick\mr.gimmick\mr.gimmick\debug\game.obj
e:\hoc vl\game again\gimmick\mr.gimmick\mr.gimmick\debug\conveyor.obj
e:\hoc vl\game again\gimmick\mr.gimmick\mr.gimmick\debug\cogwheelsmall.obj
e:\hoc vl\game again\gimmick\mr.gimmick\mr.gimmick\debug\cogwheel.obj
e:\hoc vl\game again\gimmick\mr.gimmick\mr.gimmick\debug\chain.obj
e:\hoc vl\game again\gimmick\mr.gimmick\mr.gimmick\debug\brick.obj
e:\hoc vl\game again\gimmick\mr.gimmick\mr.gimmick\debug\bluefire.obj
e:\hoc vl\game again\gimmick\mr.gimmick\mr.gimmick\debug\animations.obj
e:\hoc vl\game again\gimmick\mr.gimmick\mr.gimmick\debug\zone.obj
e:\hoc vl\game again\gimmick\mr.gimmick\mr.gimmick\debug\window.obj
e:\hoc vl\game again\gimmick\mr.gimmick\mr.gimmick\debug\utils.obj
e:\hoc vl\game again\gimmick\mr.gimmick\mr.gimmick\debug\tube.obj
e:\hoc vl\game again\gimmick\mr.gimmick\debug\mr.gimmick.exe
e:\hoc vl\game again\gimmick\mr.gimmick\debug\mr.gimmick.ilk
e:\hoc vl\game again\gimmick\mr.gimmick\debug\mr.gimmick.pdb
e:\hoc vl\game again\gimmick\mr.gimmick\mr.gimmick\debug\mr.gimmick.tlog\cl.command.1.tlog
e:\hoc vl\game again\gimmick\mr.gimmick\mr.gimmick\debug\mr.gimmick.tlog\cl.read.1.tlog
e:\hoc vl\game again\gimmick\mr.gimmick\mr.gimmick\debug\mr.gimmick.tlog\cl.write.1.tlog
e:\hoc vl\game again\gimmick\mr.gimmick\mr.gimmick\debug\mr.gimmick.tlog\link.command.1.tlog
e:\hoc vl\game again\gimmick\mr.gimmick\mr.gimmick\debug\mr.gimmick.tlog\link.read.1.tlog
e:\hoc vl\game again\gimmick\mr.gimmick\mr.gimmick\debug\mr.gimmick.tlog\link.write.1.tlog
