  Game.cpp
D:\DATA\UIT\Deadline\Game\Mr.Gimmick\Mr.Gimmick\Mr.Gimmick\Gimmick.h(46,79): warning C4244: '=': conversion from 'ULONGLONG' to 'DWORD', possible loss of data
  Gimmick.cpp
D:\DATA\UIT\Deadline\Game\Mr.Gimmick\Mr.Gimmick\Mr.Gimmick\Gimmick.h(46,79): warning C4244: '=': conversion from 'ULONGLONG' to 'DWORD', possible loss of data
  InclinedBrick.cpp
D:\DATA\UIT\Deadline\Game\Mr.Gimmick\Mr.Gimmick\Mr.Gimmick\Gimmick.h(46,79): warning C4244: '=': conversion from 'ULONGLONG' to 'DWORD', possible loss of data
  PlayScene.cpp
D:\DATA\UIT\Deadline\Game\Mr.Gimmick\Mr.Gimmick\Mr.Gimmick\Gimmick.h(46,79): warning C4244: '=': conversion from 'ULONGLONG' to 'DWORD', possible loss of data
D:\DATA\UIT\Deadline\Game\Mr.Gimmick\Mr.Gimmick\Mr.Gimmick\PlayScene.cpp(65,13): warning C4244: 'initializing': conversion from 'double' to 'float', possible loss of data
D:\DATA\UIT\Deadline\Game\Mr.Gimmick\Mr.Gimmick\Mr.Gimmick\PlayScene.cpp(66,13): warning C4244: 'initializing': conversion from 'double' to 'float', possible loss of data
D:\DATA\UIT\Deadline\Game\Mr.Gimmick\Mr.Gimmick\Mr.Gimmick\PlayScene.cpp(112,20): warning C4018: '<': signed/unsigned mismatch
D:\DATA\UIT\Deadline\Game\Mr.Gimmick\Mr.Gimmick\Mr.Gimmick\PlayScene.cpp(134,20): warning C4018: '<': signed/unsigned mismatch
D:\DATA\UIT\Deadline\Game\Mr.Gimmick\Mr.Gimmick\Mr.Gimmick\PlayScene.cpp(157,10): warning C4244: 'initializing': conversion from 'double' to 'float', possible loss of data
D:\DATA\UIT\Deadline\Game\Mr.Gimmick\Mr.Gimmick\Mr.Gimmick\PlayScene.cpp(158,10): warning C4244: 'initializing': conversion from 'double' to 'float', possible loss of data
D:\DATA\UIT\Deadline\Game\Mr.Gimmick\Mr.Gimmick\Mr.Gimmick\PlayScene.cpp(189,57): warning C4244: 'argument': conversion from 'double' to 'float', possible loss of data
D:\DATA\UIT\Deadline\Game\Mr.Gimmick\Mr.Gimmick\Mr.Gimmick\PlayScene.cpp(189,32): warning C4244: 'argument': conversion from 'double' to 'float', possible loss of data
D:\DATA\UIT\Deadline\Game\Mr.Gimmick\Mr.Gimmick\Mr.Gimmick\PlayScene.cpp(308,20): warning C4018: '<': signed/unsigned mismatch
D:\DATA\UIT\Deadline\Game\Mr.Gimmick\Mr.Gimmick\Mr.Gimmick\PlayScene.cpp(319,20): warning C4018: '<': signed/unsigned mismatch
  main.cpp
D:\DATA\UIT\Deadline\Game\Mr.Gimmick\Mr.Gimmick\Mr.Gimmick\Gimmick.h(46,79): warning C4244: '=': conversion from 'ULONGLONG' to 'DWORD', possible loss of data
D:\DATA\UIT\Deadline\Game\Mr.Gimmick\Mr.Gimmick\Mr.Gimmick\main.cpp(183,64): warning C4244: 'argument': conversion from 'double' to 'int', possible loss of data
D:\DATA\UIT\Deadline\Game\Mr.Gimmick\Mr.Gimmick\Mr.Gimmick\main.cpp(183,43): warning C4244: 'argument': conversion from 'double' to 'int', possible loss of data
  Generating Code...
  Mr.Gimmick.vcxproj -> D:\DATA\UIT\Deadline\Game\Mr.Gimmick\Mr.Gimmick\Debug\Mr.Gimmick.exe
